<?xml version="1.0" encoding="UTF-8"?>
<testng-results ignored="0" total="1" passed="1" failed="0" skipped="0">
  <reporter-output>
  </reporter-output>
  <suite started-at="2025-02-17T14:48:00 IST" name="Default suite" finished-at="2025-02-17T14:48:00 IST" duration-ms="138">
    <groups>
    </groups>
    <test started-at="2025-02-17T14:48:00 IST" name="Default test" finished-at="2025-02-17T14:48:00 IST" duration-ms="138">
      <class name="seleniumBasics.TestNGAnnotations">
        <test-method signature="testCase1()[pri:0, instance:seleniumBasics.TestNGAnnotations@4d154ccd]" started-at="2025-02-17T14:48:00 IST" name="testCase1" finished-at="2025-02-17T14:48:00 IST" duration-ms="29" status="PASS">
          <reporter-output>
          </reporter-output>
        </test-method> <!-- testCase1 -->
      </class> <!-- seleniumBasics.TestNGAnnotations -->
    </test> <!-- Default test -->
  </suite> <!-- Default suite -->
</testng-results>
