<?xml version="1.0" encoding="UTF-8"?>
<testng-results ignored="0" total="4" passed="4" failed="0" skipped="0">
  <reporter-output>
  </reporter-output>
  <suite started-at="2025-02-20T14:00:07 IST" name="Suite" finished-at="2025-02-20T14:00:29 IST" duration-ms="21564">
    <groups>
    </groups>
    <test started-at="2025-02-20T14:00:07 IST" name="Test" finished-at="2025-02-20T14:00:29 IST" duration-ms="21564">
      <class name="seleniumBasics.LoginTest">
        <test-method is-config="true" signature="initializeBrowser()[pri:0, instance:seleniumBasics.LoginTest@55a147cc]" started-at="2025-02-20T14:00:07 IST" name="initializeBrowser" finished-at="2025-02-20T14:00:16 IST" duration-ms="8735" status="PASS">
          <reporter-output>
          </reporter-output>
        </test-method> <!-- initializeBrowser -->
        <test-method signature="verifyUserLoginWithValidUsernameAndValidPassword()[pri:1, instance:seleniumBasics.LoginTest@55a147cc]" started-at="2025-02-20T14:00:16 IST" name="verifyUserLoginWithValidUsernameAndValidPassword" finished-at="2025-02-20T14:00:17 IST" duration-ms="771" status="PASS">
          <reporter-output>
          </reporter-output>
        </test-method> <!-- verifyUserLoginWithValidUsernameAndValidPassword -->
        <test-method is-config="true" signature="driverQuit()[pri:0, instance:seleniumBasics.LoginTest@55a147cc]" started-at="2025-02-20T14:00:17 IST" name="driverQuit" finished-at="2025-02-20T14:00:17 IST" duration-ms="450" status="PASS">
          <reporter-output>
          </reporter-output>
        </test-method> <!-- driverQuit -->
        <test-method is-config="true" signature="initializeBrowser()[pri:0, instance:seleniumBasics.LoginTest@55a147cc]" started-at="2025-02-20T14:00:17 IST" name="initializeBrowser" finished-at="2025-02-20T14:00:20 IST" duration-ms="2827" status="PASS">
          <reporter-output>
          </reporter-output>
        </test-method> <!-- initializeBrowser -->
        <test-method signature="verifyUserLoginWithInvalidUsernameAndInvalidPassword()[pri:2, instance:seleniumBasics.LoginTest@55a147cc]" started-at="2025-02-20T14:00:20 IST" name="verifyUserLoginWithInvalidUsernameAndInvalidPassword" finished-at="2025-02-20T14:00:21 IST" duration-ms="782" status="PASS">
          <reporter-output>
          </reporter-output>
        </test-method> <!-- verifyUserLoginWithInvalidUsernameAndInvalidPassword -->
        <test-method is-config="true" signature="driverQuit()[pri:0, instance:seleniumBasics.LoginTest@55a147cc]" started-at="2025-02-20T14:00:21 IST" name="driverQuit" finished-at="2025-02-20T14:00:21 IST" duration-ms="413" status="PASS">
          <reporter-output>
          </reporter-output>
        </test-method> <!-- driverQuit -->
        <test-method is-config="true" signature="initializeBrowser()[pri:0, instance:seleniumBasics.LoginTest@55a147cc]" started-at="2025-02-20T14:00:21 IST" name="initializeBrowser" finished-at="2025-02-20T14:00:24 IST" duration-ms="2779" status="PASS">
          <reporter-output>
          </reporter-output>
        </test-method> <!-- initializeBrowser -->
        <test-method signature="verifyUserLoginWithInvalidUsernameAndValidPassword()[pri:3, instance:seleniumBasics.LoginTest@55a147cc]" started-at="2025-02-20T14:00:24 IST" name="verifyUserLoginWithInvalidUsernameAndValidPassword" finished-at="2025-02-20T14:00:25 IST" duration-ms="638" status="PASS">
          <reporter-output>
          </reporter-output>
        </test-method> <!-- verifyUserLoginWithInvalidUsernameAndValidPassword -->
        <test-method is-config="true" signature="driverQuit()[pri:0, instance:seleniumBasics.LoginTest@55a147cc]" started-at="2025-02-20T14:00:25 IST" name="driverQuit" finished-at="2025-02-20T14:00:25 IST" duration-ms="343" status="PASS">
          <reporter-output>
          </reporter-output>
        </test-method> <!-- driverQuit -->
        <test-method is-config="true" signature="initializeBrowser()[pri:0, instance:seleniumBasics.LoginTest@55a147cc]" started-at="2025-02-20T14:00:25 IST" name="initializeBrowser" finished-at="2025-02-20T14:00:28 IST" duration-ms="2718" status="PASS">
          <reporter-output>
          </reporter-output>
        </test-method> <!-- initializeBrowser -->
        <test-method signature="verifyUserLoginWithValidUsernameAndInvalidPassword()[pri:4, instance:seleniumBasics.LoginTest@55a147cc]" started-at="2025-02-20T14:00:28 IST" name="verifyUserLoginWithValidUsernameAndInvalidPassword" finished-at="2025-02-20T14:00:29 IST" duration-ms="650" status="PASS">
          <reporter-output>
          </reporter-output>
        </test-method> <!-- verifyUserLoginWithValidUsernameAndInvalidPassword -->
        <test-method is-config="true" signature="driverQuit()[pri:0, instance:seleniumBasics.LoginTest@55a147cc]" started-at="2025-02-20T14:00:29 IST" name="driverQuit" finished-at="2025-02-20T14:00:29 IST" duration-ms="328" status="PASS">
          <reporter-output>
          </reporter-output>
        </test-method> <!-- driverQuit -->
      </class> <!-- seleniumBasics.LoginTest -->
    </test> <!-- Test -->
  </suite> <!-- Suite -->
</testng-results>
