<?xml version="1.0" encoding="UTF-8"?>
<!-- Generated by org.testng.reporters.JUnitXMLReporter -->
<testsuite ignored="3" hostname="LAPTOP-3I5RTLPO" failures="0" tests="1" name="Default test" time="5.975" errors="0" timestamp="2025-02-19T14:08:52 IST">
  <testcase classname="seleniumBasics.LoginTest" name="verifyUserLoginWithInvalidUsernameAndInvalidPassword" time="0.828"/>
  <testcase classname="seleniumBasics.LoginTest" name="verifyUserLoginWithInvalidUsernameAndValidPassword" time="0.0">
    <ignored/>
  </testcase> <!-- verifyUserLoginWithInvalidUsernameAndValidPassword -->
  <testcase classname="seleniumBasics.LoginTest" name="verifyUserLoginWithValidUsernameAndInvalidPassword" time="0.0">
    <ignored/>
  </testcase> <!-- verifyUserLoginWithValidUsernameAndInvalidPassword -->
  <testcase classname="seleniumBasics.LoginTest" name="verifyUserLoginWithValidUsernameAndValidPassword" time="0.0">
    <ignored/>
  </testcase> <!-- verifyUserLoginWithValidUsernameAndValidPassword -->
</testsuite> <!-- Default test -->
