<?xml version="1.0" encoding="UTF-8"?>
<!-- Generated by org.testng.reporters.JUnitXMLReporter -->
<testsuite ignored="0" hostname="LAPTOP-3I5RTLPO" failures="0" tests="4" name="Test" time="21.564" errors="0" timestamp="2025-02-20T14:00:29 IST">
  <testcase classname="seleniumBasics.LoginTest" name="verifyUserLoginWithValidUsernameAndValidPassword" time="0.771"/>
  <testcase classname="seleniumBasics.LoginTest" name="verifyUserLoginWithInvalidUsernameAndInvalidPassword" time="0.782"/>
  <testcase classname="seleniumBasics.LoginTest" name="verifyUserLoginWithInvalidUsernameAndValidPassword" time="0.638"/>
  <testcase classname="seleniumBasics.LoginTest" name="verifyUserLoginWithValidUsernameAndInvalidPassword" time="0.65"/>
</testsuite> <!-- Test -->
